{
  "RSpec": {
    "coverage": {
      "/Users/andrewmo/berkeley-food-collective/app/models/task.rb": {
        "lines": [
          1,
          null
        ]
      },
      "/Users/andrewmo/berkeley-food-collective/app/models/application_record.rb": {
        "lines": [
          1,
          1,
          null
        ]
      },
      "/Users/andrewmo/berkeley-food-collective/app/models/user.rb": {
        "lines": [
          1,
          null
        ]
      },
      "/Users/andrewmo/berkeley-food-collective/app/channels/application_cable/channel.rb": {
        "lines": [
          0,
          0,
          0,
          0
        ],
        "branches": {
        }
      },
      "/Users/andrewmo/berkeley-food-collective/app/channels/application_cable/connection.rb": {
        "lines": [
          0,
          0,
          0,
          0
        ],
        "branches": {
        }
      },
      "/Users/andrewmo/berkeley-food-collective/app/controllers/announcements_controller.rb": {
        "lines": [
          0,
          0,
          0,
          null,
          0,
          0,
          null,
          0,
          0,
          0
        ],
        "branches": {
        }
      },
      "/Users/andrewmo/berkeley-food-collective/app/controllers/application_controller.rb": {
        "lines": [
          0,
          0
        ],
        "branches": {
        }
      },
      "/Users/andrewmo/berkeley-food-collective/app/controllers/sessions_controller.rb": {
        "lines": [
          0,
          0,
          0,
          null,
          0,
          0,
          0,
          null,
          0,
          0,
          0
        ],
        "branches": {
        }
      },
      "/Users/andrewmo/berkeley-food-collective/app/controllers/tasks_controller.rb": {
        "lines": [
          0,
          0,
          0,
          null,
          0,
          0,
          null,
          0,
          0,
          0,
          0
        ],
        "branches": {
        }
      },
      "/Users/andrewmo/berkeley-food-collective/app/helpers/announcements_helper.rb": {
        "lines": [
          0,
          0
        ],
        "branches": {
        }
      },
      "/Users/andrewmo/berkeley-food-collective/app/helpers/application_helper.rb": {
        "lines": [
          0,
          0
        ],
        "branches": {
        }
      },
      "/Users/andrewmo/berkeley-food-collective/app/helpers/sessions_helper.rb": {
        "lines": [
          0,
          0
        ],
        "branches": {
        }
      },
      "/Users/andrewmo/berkeley-food-collective/app/helpers/tasks_helper.rb": {
        "lines": [
          0,
          0
        ],
        "branches": {
        }
      },
      "/Users/andrewmo/berkeley-food-collective/app/jobs/application_job.rb": {
        "lines": [
          0,
          null,
          null,
          null,
          null,
          null,
          0
        ],
        "branches": {
        }
      },
      "/Users/andrewmo/berkeley-food-collective/app/mailers/application_mailer.rb": {
        "lines": [
          0,
          0,
          0,
          0
        ],
        "branches": {
        }
      }
    },
    "timestamp": 1648587395
  }
}
